<?xml version="1.0" encoding="UTF-8"?>
<!-- Generated by org.testng.reporters.JUnitXMLReporter -->
<testsuite ignored="0" hostname="LTIN251772" failures="1" tests="13" name="ChromeTest" time="146.178" errors="0" timestamp="2024-02-13T16:01:26 IST">
  <testcase classname="testBase.BaseClass" name="@AfterClass tearDown" time="1.618">
    <failure type="java.lang.IndexOutOfBoundsException" message="Index 6 out of bounds for length 6">
      <![CDATA[java.lang.IndexOutOfBoundsException: Index 6 out of bounds for length 6
at java.base/jdk.internal.util.Preconditions.outOfBounds(Preconditions.java:64)
at java.base/jdk.internal.util.Preconditions.outOfBoundsCheckIndex(Preconditions.java:70)
at java.base/jdk.internal.util.Preconditions.checkIndex(Preconditions.java:266)
at java.base/java.util.Objects.checkIndex(Objects.java:359)
at java.base/java.util.ArrayList.get(ArrayList.java:427)
at utilities.ExcelUtils.statusDetails(ExcelUtils.java:24)
at testBase.BaseClass.tearDown(BaseClass.java:45)
at java.base/java.util.ArrayList.forEach(ArrayList.java:1511)
... Removed 26 stack frames]]>
    </failure>
  </testcase> <!-- @AfterClass tearDown -->
  <testcase classname="testCases.Testcases" name="verify_userInfo" time="3.062"/>
  <testcase classname="testCases.Testcases" name="TC_002_OneCognizant" time="14.787"/>
  <testcase classname="testCases.Testcases" name="TC_003_verifyNavigatedToTimesheet" time="4.725"/>
  <testcase classname="testCases.Testcases" name="TC_004_validateTimesheets" time="1.411"/>
  <testcase classname="testCases.Testcases" name="TC_005_verifySearchField" time="0.218"/>
  <testcase classname="testCases.Testcases" name="TC_006_verifyCurrentDateTimesheet" time="5.044"/>
  <testcase classname="testCases.Testcases" name="TC_007_verifyApprovedStatus" time="25.676"/>
  <testcase classname="testCases.Testcases" name="TC_008_verifyOverdueStatus" time="4.963"/>
  <testcase classname="testCases.Testcases" name="TC_009_verifyPartiallyApprovedStatus" time="4.917"/>
  <testcase classname="testCases.Testcases" name="TC_010_verifyPendingStatus" time="24.921">
    <failure type="java.lang.AssertionError" message="wrong status timesheet is displayed in Pending status expected [Pending] but found [Not Submitted]">
      <![CDATA[java.lang.AssertionError: wrong status timesheet is displayed in Pending status expected [Pending] but found [Not Submitted]
at testCases.Testcases.TC_010_verifyPendingStatus(Testcases.java:277)
at java.base/java.util.ArrayList.forEach(ArrayList.java:1511)
... Removed 32 stack frames]]>
    </failure>
  </testcase> <!-- TC_010_verifyPendingStatus -->
  <testcase classname="testCases.Testcases" name="TC_011_verifySavedStatus" time="4.84"/>
  <testcase classname="testCases.Testcases" name="TC_012_verifySentBackforRevisionStatus" time="4.842"/>
  <testcase classname="testCases.Testcases" name="TC_013_verifySubmittedforApprovalStatus" time="24.818"/>
</testsuite> <!-- ChromeTest -->
