<?xml version="1.0" encoding="UTF-8"?>
<!-- Generated by org.testng.reporters.JUnitXMLReporter -->
<testsuite ignored="0" hostname="LTIN251772" failures="1" tests="13" name="Test" time="128.299" errors="0" timestamp="2024-02-10T21:43:39 IST">
  <testcase classname="testCases.TC_001_UserInfoValidation" name="verify_userInfo" time="1.557"/>
  <testcase classname="testCases.TC_001_UserInfoValidation" name="TC_002_OneCognizant" time="11.218"/>
  <testcase classname="testCases.TC_001_UserInfoValidation" name="TC_003_verifyNavigatedToTimesheet" time="0.098"/>
  <testcase classname="testCases.TC_001_UserInfoValidation" name="TC_004_validateTimesheets" time="1.391"/>
  <testcase classname="testCases.TC_001_UserInfoValidation" name="TC_005_verifySearchField" time="0.105"/>
  <testcase classname="testCases.TC_001_UserInfoValidation" name="TC_006_verifyCurrentDateTimesheet" time="4.629"/>
  <testcase classname="testCases.TC_001_UserInfoValidation" name="TC_007_verifyApprovedStatus" time="25.3"/>
  <testcase classname="testCases.TC_001_UserInfoValidation" name="TC_008_verifyOverdueStatus" time="4.71"/>
  <testcase classname="testCases.TC_001_UserInfoValidation" name="TC_009_verifyPartiallyApprovedStatus" time="4.641"/>
  <testcase classname="testCases.TC_001_UserInfoValidation" name="TC_010_verifyPendingStatus" time="24.623">
    <failure type="java.lang.AssertionError" message="wrong status timesheet is displayed in Pending status expected [Pending] but found [Not Submitted]">
      <![CDATA[java.lang.AssertionError: wrong status timesheet is displayed in Pending status expected [Pending] but found [Not Submitted]
at testCases.TC_001_UserInfoValidation.TC_010_verifyPendingStatus(TC_001_UserInfoValidation.java:250)
at java.base/java.util.ArrayList.forEach(ArrayList.java:1511)
... Removed 32 stack frames]]>
    </failure>
  </testcase> <!-- TC_010_verifyPendingStatus -->
  <testcase classname="testCases.TC_001_UserInfoValidation" name="TC_011_verifySavedStatus" time="4.396"/>
  <testcase classname="testCases.TC_001_UserInfoValidation" name="TC_012_verifySentBackforRevisionStatus" time="4.46"/>
  <testcase classname="testCases.TC_001_UserInfoValidation" name="TC_013_verifySubmittedforApprovalStatus" time="24.407"/>
</testsuite> <!-- Test -->
