<!DOCTYPE html PUBLIC "-//W3C//DTD XHTML 1.1//EN" "https://www.w3.org/TR/xhtml11/DTD/xhtml11.dtd">
<html xmlns="https://www.w3.org/1999/xhtml">
<head>
<meta http-equiv="content-type" content="text/html; charset=UTF-8"/>
<title>TestNG Report</title>
<style type="text/css">table {margin-bottom:10px;border-collapse:collapse;empty-cells:show}th,td {border:1px solid #009;padding:.25em .5em}th {vertical-align:bottom}td {vertical-align:top}table a {font-weight:bold}.stripe td {background-color: #E6EBF9}.num {text-align:right}.passedodd td {background-color: #3F3}.passedeven td {background-color: #0A0}.skippedodd td {background-color: #DDD}.skippedeven td {background-color: #CCC}.failedodd td,.attn {background-color: #F33}.failedeven td,.stripe .attn {background-color: #D00}.stacktrace {white-space:pre;font-family:monospace}.totop {font-size:85%;text-align:center;border-bottom:2px solid #000}.invisible {display:none}</style>
</head>
<body>
<table>
<tr><th>Test</th><th># Passed</th><th># Skipped</th><th># Retried</th><th># Failed</th><th>Time (ms)</th><th>Included Groups</th><th>Excluded Groups</th></tr>
<tr><th colspan="8">Suite</th></tr>
<tr><td><a href="#t0">ChromeTest</a></td><td class="num">12</td><td class="num">0</td><td class="num">0</td><td class="num attn">1</td><td class="num">146,178</td><td></td><td></td></tr>
<tr class="stripe"><td><a href="#t1">EdgeTest</a></td><td class="num">12</td><td class="num">0</td><td class="num">0</td><td class="num attn">1</td><td class="num">139,326</td><td></td><td></td></tr>
<tr><th>Total</th><th class="num">24</th><th class="num">0</th><th class="num">0</th><th class="num attn">2</th><th class="num">285,504</th><th colspan="2"></th></tr>
</table>
<table id='summary'><thead><tr><th>Class</th><th>Method</th><th>Start</th><th>Time (ms)</th></tr></thead><tbody><tr><th colspan="4">Suite</th></tr></tbody><tbody id="t0"><tr><th colspan="4">ChromeTest &#8212; failed (configuration methods)</th></tr><tr class="failedeven"><td rowspan="1">testCases.Testcases</td><td><a href="#m0">tearDown</a></td><td rowspan="1">1707820283678</td><td rowspan="1">1618</td></tr><tr><th colspan="4">ChromeTest &#8212; failed</th></tr><tr class="failedeven"><td rowspan="1">testCases.Testcases</td><td><a href="#m1">TC_010_verifyPendingStatus</a></td><td rowspan="1">1707820224236</td><td rowspan="1">24921</td></tr><tr><th colspan="4">ChromeTest &#8212; passed</th></tr><tr class="passedeven"><td rowspan="12">testCases.Testcases</td><td><a href="#m2">TC_002_OneCognizant</a></td><td rowspan="1">1707820162458</td><td rowspan="1">14787</td></tr><tr class="passedeven"><td><a href="#m3">TC_003_verifyNavigatedToTimesheet</a></td><td rowspan="1">1707820177252</td><td rowspan="1">4725</td></tr><tr class="passedeven"><td><a href="#m4">TC_004_validateTimesheets</a></td><td rowspan="1">1707820181983</td><td rowspan="1">1411</td></tr><tr class="passedeven"><td><a href="#m5">TC_005_verifySearchField</a></td><td rowspan="1">1707820183397</td><td rowspan="1">218</td></tr><tr class="passedeven"><td><a href="#m6">TC_006_verifyCurrentDateTimesheet</a></td><td rowspan="1">1707820183618</td><td rowspan="1">5044</td></tr><tr class="passedeven"><td><a href="#m7">TC_007_verifyApprovedStatus</a></td><td rowspan="1">1707820188665</td><td rowspan="1">25676</td></tr><tr class="passedeven"><td><a href="#m8">TC_008_verifyOverdueStatus</a></td><td rowspan="1">1707820214346</td><td rowspan="1">4963</td></tr><tr class="passedeven"><td><a href="#m9">TC_009_verifyPartiallyApprovedStatus</a></td><td rowspan="1">1707820219314</td><td rowspan="1">4917</td></tr><tr class="passedeven"><td><a href="#m10">TC_011_verifySavedStatus</a></td><td rowspan="1">1707820249169</td><td rowspan="1">4840</td></tr><tr class="passedeven"><td><a href="#m11">TC_012_verifySentBackforRevisionStatus</a></td><td rowspan="1">1707820254012</td><td rowspan="1">4842</td></tr><tr class="passedeven"><td><a href="#m12">TC_013_verifySubmittedforApprovalStatus</a></td><td rowspan="1">1707820258857</td><td rowspan="1">24818</td></tr><tr class="passedeven"><td><a href="#m13">verify_userInfo</a></td><td rowspan="1">1707820159359</td><td rowspan="1">3062</td></tr></tbody>
<tbody id="t1"><tr><th colspan="4">EdgeTest &#8212; failed</th></tr><tr class="failedeven"><td rowspan="1">testCases.Testcases</td><td><a href="#m14">TC_010_verifyPendingStatus</a></td><td rowspan="1">1707820364550</td><td rowspan="1">24803</td></tr><tr><th colspan="4">EdgeTest &#8212; passed</th></tr><tr class="passedeven"><td rowspan="12">testCases.Testcases</td><td><a href="#m15">TC_002_OneCognizant</a></td><td rowspan="1">1707820304805</td><td rowspan="1">13567</td></tr><tr class="passedeven"><td><a href="#m16">TC_003_verifyNavigatedToTimesheet</a></td><td rowspan="1">1707820318377</td><td rowspan="1">4618</td></tr><tr class="passedeven"><td><a href="#m17">TC_004_validateTimesheets</a></td><td rowspan="1">1707820322999</td><td rowspan="1">978</td></tr><tr class="passedeven"><td><a href="#m18">TC_005_verifySearchField</a></td><td rowspan="1">1707820323979</td><td rowspan="1">228</td></tr><tr class="passedeven"><td><a href="#m19">TC_006_verifyCurrentDateTimesheet</a></td><td rowspan="1">1707820324210</td><td rowspan="1">4641</td></tr><tr class="passedeven"><td><a href="#m20">TC_007_verifyApprovedStatus</a></td><td rowspan="1">1707820328855</td><td rowspan="1">25806</td></tr><tr class="passedeven"><td><a href="#m21">TC_008_verifyOverdueStatus</a></td><td rowspan="1">1707820354666</td><td rowspan="1">5004</td></tr><tr class="passedeven"><td><a href="#m22">TC_009_verifyPartiallyApprovedStatus</a></td><td rowspan="1">1707820359673</td><td rowspan="1">4873</td></tr><tr class="passedeven"><td><a href="#m23">TC_011_verifySavedStatus</a></td><td rowspan="1">1707820389357</td><td rowspan="1">4863</td></tr><tr class="passedeven"><td><a href="#m24">TC_012_verifySentBackforRevisionStatus</a></td><td rowspan="1">1707820394222</td><td rowspan="1">4848</td></tr><tr class="passedeven"><td><a href="#m25">TC_013_verifySubmittedforApprovalStatus</a></td><td rowspan="1">1707820399074</td><td rowspan="1">24875</td></tr><tr class="passedeven"><td><a href="#m26">verify_userInfo</a></td><td rowspan="1">1707820302493</td><td rowspan="1">2309</td></tr></tbody>
</table>
<h2>ChromeTest</h2><h3 id="m0">testCases.Testcases#tearDown</h3><table class="result"><tr><th>Exception</th></tr><tr><td><div class="stacktrace">java.lang.IndexOutOfBoundsException: Index 6 out of bounds for length 6
	at java.base/jdk.internal.util.Preconditions.outOfBounds(Preconditions.java:64)
	at java.base/jdk.internal.util.Preconditions.outOfBoundsCheckIndex(Preconditions.java:70)
	at java.base/jdk.internal.util.Preconditions.checkIndex(Preconditions.java:266)
	at java.base/java.util.Objects.checkIndex(Objects.java:359)
	at java.base/java.util.ArrayList.get(ArrayList.java:427)
	at utilities.ExcelUtils.statusDetails(ExcelUtils.java:24)
	at testBase.BaseClass.tearDown(BaseClass.java:45)
	at java.base/java.util.ArrayList.forEach(ArrayList.java:1511)
... Removed 26 stack frames</div></td></tr></table><p class="totop"><a href="#summary">back to summary</a></p>
<h3 id="m1">testCases.Testcases#TC_010_verifyPendingStatus</h3><table class="result"><tr><th>Exception</th></tr><tr><td><div class="stacktrace">java.lang.AssertionError: wrong status timesheet is displayed in Pending status expected [Pending] but found [Not Submitted]
	at testCases.Testcases.TC_010_verifyPendingStatus(Testcases.java:277)
	at java.base/java.util.ArrayList.forEach(ArrayList.java:1511)
... Removed 32 stack frames</div></td></tr></table><p class="totop"><a href="#summary">back to summary</a></p>
<h3 id="m2">testCases.Testcases#TC_002_OneCognizant</h3><table class="result"><tr><th class="invisible"/></tr></table><p class="totop"><a href="#summary">back to summary</a></p>
<h3 id="m3">testCases.Testcases#TC_003_verifyNavigatedToTimesheet</h3><table class="result"><tr><th class="invisible"/></tr></table><p class="totop"><a href="#summary">back to summary</a></p>
<h3 id="m4">testCases.Testcases#TC_004_validateTimesheets</h3><table class="result"><tr><th class="invisible"/></tr></table><p class="totop"><a href="#summary">back to summary</a></p>
<h3 id="m5">testCases.Testcases#TC_005_verifySearchField</h3><table class="result"><tr><th class="invisible"/></tr></table><p class="totop"><a href="#summary">back to summary</a></p>
<h3 id="m6">testCases.Testcases#TC_006_verifyCurrentDateTimesheet</h3><table class="result"><tr><th class="invisible"/></tr></table><p class="totop"><a href="#summary">back to summary</a></p>
<h3 id="m7">testCases.Testcases#TC_007_verifyApprovedStatus</h3><table class="result"><tr><th class="invisible"/></tr></table><p class="totop"><a href="#summary">back to summary</a></p>
<h3 id="m8">testCases.Testcases#TC_008_verifyOverdueStatus</h3><table class="result"><tr><th class="invisible"/></tr></table><p class="totop"><a href="#summary">back to summary</a></p>
<h3 id="m9">testCases.Testcases#TC_009_verifyPartiallyApprovedStatus</h3><table class="result"><tr><th class="invisible"/></tr></table><p class="totop"><a href="#summary">back to summary</a></p>
<h3 id="m10">testCases.Testcases#TC_011_verifySavedStatus</h3><table class="result"><tr><th class="invisible"/></tr></table><p class="totop"><a href="#summary">back to summary</a></p>
<h3 id="m11">testCases.Testcases#TC_012_verifySentBackforRevisionStatus</h3><table class="result"><tr><th class="invisible"/></tr></table><p class="totop"><a href="#summary">back to summary</a></p>
<h3 id="m12">testCases.Testcases#TC_013_verifySubmittedforApprovalStatus</h3><table class="result"><tr><th class="invisible"/></tr></table><p class="totop"><a href="#summary">back to summary</a></p>
<h3 id="m13">testCases.Testcases#verify_userInfo</h3><table class="result"><tr><th class="invisible"/></tr></table><p class="totop"><a href="#summary">back to summary</a></p>
<h2>EdgeTest</h2><h3 id="m14">testCases.Testcases#TC_010_verifyPendingStatus</h3><table class="result"><tr><th>Exception</th></tr><tr><td><div class="stacktrace">java.lang.AssertionError: wrong status timesheet is displayed in Pending status expected [Pending] but found [Not Submitted]
	at testCases.Testcases.TC_010_verifyPendingStatus(Testcases.java:277)
	at java.base/java.util.ArrayList.forEach(ArrayList.java:1511)
... Removed 32 stack frames</div></td></tr></table><p class="totop"><a href="#summary">back to summary</a></p>
<h3 id="m15">testCases.Testcases#TC_002_OneCognizant</h3><table class="result"><tr><th class="invisible"/></tr></table><p class="totop"><a href="#summary">back to summary</a></p>
<h3 id="m16">testCases.Testcases#TC_003_verifyNavigatedToTimesheet</h3><table class="result"><tr><th class="invisible"/></tr></table><p class="totop"><a href="#summary">back to summary</a></p>
<h3 id="m17">testCases.Testcases#TC_004_validateTimesheets</h3><table class="result"><tr><th class="invisible"/></tr></table><p class="totop"><a href="#summary">back to summary</a></p>
<h3 id="m18">testCases.Testcases#TC_005_verifySearchField</h3><table class="result"><tr><th class="invisible"/></tr></table><p class="totop"><a href="#summary">back to summary</a></p>
<h3 id="m19">testCases.Testcases#TC_006_verifyCurrentDateTimesheet</h3><table class="result"><tr><th class="invisible"/></tr></table><p class="totop"><a href="#summary">back to summary</a></p>
<h3 id="m20">testCases.Testcases#TC_007_verifyApprovedStatus</h3><table class="result"><tr><th class="invisible"/></tr></table><p class="totop"><a href="#summary">back to summary</a></p>
<h3 id="m21">testCases.Testcases#TC_008_verifyOverdueStatus</h3><table class="result"><tr><th class="invisible"/></tr></table><p class="totop"><a href="#summary">back to summary</a></p>
<h3 id="m22">testCases.Testcases#TC_009_verifyPartiallyApprovedStatus</h3><table class="result"><tr><th class="invisible"/></tr></table><p class="totop"><a href="#summary">back to summary</a></p>
<h3 id="m23">testCases.Testcases#TC_011_verifySavedStatus</h3><table class="result"><tr><th class="invisible"/></tr></table><p class="totop"><a href="#summary">back to summary</a></p>
<h3 id="m24">testCases.Testcases#TC_012_verifySentBackforRevisionStatus</h3><table class="result"><tr><th class="invisible"/></tr></table><p class="totop"><a href="#summary">back to summary</a></p>
<h3 id="m25">testCases.Testcases#TC_013_verifySubmittedforApprovalStatus</h3><table class="result"><tr><th class="invisible"/></tr></table><p class="totop"><a href="#summary">back to summary</a></p>
<h3 id="m26">testCases.Testcases#verify_userInfo</h3><table class="result"><tr><th class="invisible"/></tr></table><p class="totop"><a href="#summary">back to summary</a></p>
</body>
</html>
