<?xml version="1.0" encoding="UTF-8"?>
<testng-results ignored="0" total="26" passed="24" failed="2" skipped="0">
  <reporter-output>
  </reporter-output>
  <suite started-at="2024-02-13T15:58:59 IST" name="Suite" finished-at="2024-02-13T16:03:45 IST" duration-ms="286597">
    <groups>
    </groups>
    <test started-at="2024-02-13T15:58:59 IST" name="ChromeTest" finished-at="2024-02-13T16:01:25 IST" duration-ms="146178">
      <class name="testCases.Testcases">
        <test-method is-config="true" signature="setup(java.lang.String)[pri:0, instance:testCases.Testcases@815b41f]" started-at="2024-02-13T15:58:59 IST" name="setup" finished-at="2024-02-13T15:59:19 IST" duration-ms="19483" status="PASS">
          <params>
            <param index="0">
              <value>
                <![CDATA[chrome]]>
              </value>
            </param>
          </params>
          <reporter-output>
          </reporter-output>
        </test-method> <!-- setup -->
        <test-method signature="verify_userInfo()[pri:1, instance:testCases.Testcases@815b41f]" started-at="2024-02-13T15:59:19 IST" name="verify_userInfo" finished-at="2024-02-13T15:59:22 IST" duration-ms="3062" status="PASS">
          <reporter-output>
          </reporter-output>
        </test-method> <!-- verify_userInfo -->
        <test-method signature="TC_002_OneCognizant()[pri:2, instance:testCases.Testcases@815b41f]" started-at="2024-02-13T15:59:22 IST" name="TC_002_OneCognizant" finished-at="2024-02-13T15:59:37 IST" duration-ms="14787" status="PASS">
          <reporter-output>
          </reporter-output>
        </test-method> <!-- TC_002_OneCognizant -->
        <test-method signature="TC_003_verifyNavigatedToTimesheet()[pri:3, instance:testCases.Testcases@815b41f]" started-at="2024-02-13T15:59:37 IST" name="TC_003_verifyNavigatedToTimesheet" finished-at="2024-02-13T15:59:41 IST" duration-ms="4725" status="PASS">
          <reporter-output>
          </reporter-output>
        </test-method> <!-- TC_003_verifyNavigatedToTimesheet -->
        <test-method signature="TC_004_validateTimesheets()[pri:4, instance:testCases.Testcases@815b41f]" started-at="2024-02-13T15:59:41 IST" name="TC_004_validateTimesheets" finished-at="2024-02-13T15:59:43 IST" duration-ms="1411" status="PASS">
          <reporter-output>
          </reporter-output>
        </test-method> <!-- TC_004_validateTimesheets -->
        <test-method signature="TC_005_verifySearchField()[pri:5, instance:testCases.Testcases@815b41f]" started-at="2024-02-13T15:59:43 IST" name="TC_005_verifySearchField" finished-at="2024-02-13T15:59:43 IST" duration-ms="218" status="PASS">
          <reporter-output>
          </reporter-output>
        </test-method> <!-- TC_005_verifySearchField -->
        <test-method signature="TC_006_verifyCurrentDateTimesheet()[pri:6, instance:testCases.Testcases@815b41f]" started-at="2024-02-13T15:59:43 IST" name="TC_006_verifyCurrentDateTimesheet" finished-at="2024-02-13T15:59:48 IST" duration-ms="5044" status="PASS">
          <reporter-output>
          </reporter-output>
        </test-method> <!-- TC_006_verifyCurrentDateTimesheet -->
        <test-method signature="TC_007_verifyApprovedStatus()[pri:7, instance:testCases.Testcases@815b41f]" started-at="2024-02-13T15:59:48 IST" name="TC_007_verifyApprovedStatus" finished-at="2024-02-13T16:00:14 IST" duration-ms="25676" status="PASS">
          <reporter-output>
          </reporter-output>
        </test-method> <!-- TC_007_verifyApprovedStatus -->
        <test-method signature="TC_008_verifyOverdueStatus()[pri:8, instance:testCases.Testcases@815b41f]" started-at="2024-02-13T16:00:14 IST" name="TC_008_verifyOverdueStatus" finished-at="2024-02-13T16:00:19 IST" duration-ms="4963" status="PASS">
          <reporter-output>
          </reporter-output>
        </test-method> <!-- TC_008_verifyOverdueStatus -->
        <test-method signature="TC_009_verifyPartiallyApprovedStatus()[pri:9, instance:testCases.Testcases@815b41f]" started-at="2024-02-13T16:00:19 IST" name="TC_009_verifyPartiallyApprovedStatus" finished-at="2024-02-13T16:00:24 IST" duration-ms="4917" status="PASS">
          <reporter-output>
          </reporter-output>
        </test-method> <!-- TC_009_verifyPartiallyApprovedStatus -->
        <test-method signature="TC_010_verifyPendingStatus()[pri:10, instance:testCases.Testcases@815b41f]" started-at="2024-02-13T16:00:24 IST" name="TC_010_verifyPendingStatus" finished-at="2024-02-13T16:00:49 IST" duration-ms="24921" status="FAIL">
          <exception class="java.lang.AssertionError">
            <message>
              <![CDATA[wrong status timesheet is displayed in Pending status expected [Pending] but found [Not Submitted]]]>
            </message>
            <full-stacktrace>
              <![CDATA[java.lang.AssertionError: wrong status timesheet is displayed in Pending status expected [Pending] but found [Not Submitted]
at org.testng.Assert.fail(Assert.java:111)
at org.testng.Assert.failNotEquals(Assert.java:1578)
at org.testng.Assert.assertEqualsImpl(Assert.java:150)
at org.testng.Assert.assertEquals(Assert.java:132)
at org.testng.Assert.assertEquals(Assert.java:656)
at testCases.Testcases.TC_010_verifyPendingStatus(Testcases.java:277)
at java.base/jdk.internal.reflect.NativeMethodAccessorImpl.invoke0(Native Method)
at java.base/jdk.internal.reflect.NativeMethodAccessorImpl.invoke(NativeMethodAccessorImpl.java:77)
at java.base/jdk.internal.reflect.DelegatingMethodAccessorImpl.invoke(DelegatingMethodAccessorImpl.java:43)
at java.base/java.lang.reflect.Method.invoke(Method.java:568)
at org.testng.internal.invokers.MethodInvocationHelper.invokeMethod(MethodInvocationHelper.java:139)
at org.testng.internal.invokers.TestInvoker.invokeMethod(TestInvoker.java:664)
at org.testng.internal.invokers.TestInvoker.invokeTestMethod(TestInvoker.java:228)
at org.testng.internal.invokers.MethodRunner.runInSequence(MethodRunner.java:63)
at org.testng.internal.invokers.TestInvoker$MethodInvocationAgent.invoke(TestInvoker.java:961)
at org.testng.internal.invokers.TestInvoker.invokeTestMethods(TestInvoker.java:201)
at org.testng.internal.invokers.TestMethodWorker.invokeTestMethods(TestMethodWorker.java:148)
at org.testng.internal.invokers.TestMethodWorker.run(TestMethodWorker.java:128)
at java.base/java.util.ArrayList.forEach(ArrayList.java:1511)
at org.testng.TestRunner.privateRun(TestRunner.java:819)
at org.testng.TestRunner.run(TestRunner.java:619)
at org.testng.SuiteRunner.runTest(SuiteRunner.java:443)
at org.testng.SuiteRunner.runSequentially(SuiteRunner.java:437)
at org.testng.SuiteRunner.privateRun(SuiteRunner.java:397)
at org.testng.SuiteRunner.run(SuiteRunner.java:336)
at org.testng.SuiteRunnerWorker.runSuite(SuiteRunnerWorker.java:52)
at org.testng.SuiteRunnerWorker.run(SuiteRunnerWorker.java:95)
at org.testng.TestNG.runSuitesSequentially(TestNG.java:1301)
at org.testng.TestNG.runSuitesLocally(TestNG.java:1228)
at org.testng.TestNG.runSuites(TestNG.java:1134)
at org.testng.TestNG.run(TestNG.java:1101)
at org.testng.remote.AbstractRemoteTestNG.run(AbstractRemoteTestNG.java:115)
at org.testng.remote.RemoteTestNG.initAndRun(RemoteTestNG.java:251)
at org.testng.remote.RemoteTestNG.main(RemoteTestNG.java:77)
]]>
            </full-stacktrace>
          </exception> <!-- java.lang.AssertionError -->
          <reporter-output>
          </reporter-output>
        </test-method> <!-- TC_010_verifyPendingStatus -->
        <test-method signature="TC_011_verifySavedStatus()[pri:11, instance:testCases.Testcases@815b41f]" started-at="2024-02-13T16:00:49 IST" name="TC_011_verifySavedStatus" finished-at="2024-02-13T16:00:54 IST" duration-ms="4840" status="PASS">
          <reporter-output>
          </reporter-output>
        </test-method> <!-- TC_011_verifySavedStatus -->
        <test-method signature="TC_012_verifySentBackforRevisionStatus()[pri:12, instance:testCases.Testcases@815b41f]" started-at="2024-02-13T16:00:54 IST" name="TC_012_verifySentBackforRevisionStatus" finished-at="2024-02-13T16:00:58 IST" duration-ms="4842" status="PASS">
          <reporter-output>
          </reporter-output>
        </test-method> <!-- TC_012_verifySentBackforRevisionStatus -->
        <test-method signature="TC_013_verifySubmittedforApprovalStatus()[pri:13, instance:testCases.Testcases@815b41f]" started-at="2024-02-13T16:00:58 IST" name="TC_013_verifySubmittedforApprovalStatus" finished-at="2024-02-13T16:01:23 IST" duration-ms="24818" status="PASS">
          <reporter-output>
          </reporter-output>
        </test-method> <!-- TC_013_verifySubmittedforApprovalStatus -->
        <test-method is-config="true" signature="tearDown()[pri:0, instance:testCases.Testcases@815b41f]" started-at="2024-02-13T16:01:23 IST" name="tearDown" finished-at="2024-02-13T16:01:25 IST" duration-ms="1618" status="FAIL">
          <exception class="java.lang.IndexOutOfBoundsException">
            <message>
              <![CDATA[Index 6 out of bounds for length 6]]>
            </message>
            <full-stacktrace>
              <![CDATA[java.lang.IndexOutOfBoundsException: Index 6 out of bounds for length 6
at java.base/jdk.internal.util.Preconditions.outOfBounds(Preconditions.java:64)
at java.base/jdk.internal.util.Preconditions.outOfBoundsCheckIndex(Preconditions.java:70)
at java.base/jdk.internal.util.Preconditions.checkIndex(Preconditions.java:266)
at java.base/java.util.Objects.checkIndex(Objects.java:359)
at java.base/java.util.ArrayList.get(ArrayList.java:427)
at utilities.ExcelUtils.statusDetails(ExcelUtils.java:24)
at testBase.BaseClass.tearDown(BaseClass.java:45)
at java.base/jdk.internal.reflect.NativeMethodAccessorImpl.invoke0(Native Method)
at java.base/jdk.internal.reflect.NativeMethodAccessorImpl.invoke(NativeMethodAccessorImpl.java:77)
at java.base/jdk.internal.reflect.DelegatingMethodAccessorImpl.invoke(DelegatingMethodAccessorImpl.java:43)
at java.base/java.lang.reflect.Method.invoke(Method.java:568)
at org.testng.internal.invokers.MethodInvocationHelper.invokeMethod(MethodInvocationHelper.java:139)
at org.testng.internal.invokers.MethodInvocationHelper.invokeMethodConsideringTimeout(MethodInvocationHelper.java:69)
at org.testng.internal.invokers.ConfigInvoker.invokeConfigurationMethod(ConfigInvoker.java:393)
at org.testng.internal.invokers.ConfigInvoker.invokeConfigurations(ConfigInvoker.java:326)
at org.testng.internal.invokers.TestMethodWorker.invokeAfterClassConfigurations(TestMethodWorker.java:229)
at org.testng.internal.invokers.TestMethodWorker.invokeAfterClassMethods(TestMethodWorker.java:215)
at org.testng.internal.invokers.TestMethodWorker.run(TestMethodWorker.java:131)
at java.base/java.util.ArrayList.forEach(ArrayList.java:1511)
at org.testng.TestRunner.privateRun(TestRunner.java:819)
at org.testng.TestRunner.run(TestRunner.java:619)
at org.testng.SuiteRunner.runTest(SuiteRunner.java:443)
at org.testng.SuiteRunner.runSequentially(SuiteRunner.java:437)
at org.testng.SuiteRunner.privateRun(SuiteRunner.java:397)
at org.testng.SuiteRunner.run(SuiteRunner.java:336)
at org.testng.SuiteRunnerWorker.runSuite(SuiteRunnerWorker.java:52)
at org.testng.SuiteRunnerWorker.run(SuiteRunnerWorker.java:95)
at org.testng.TestNG.runSuitesSequentially(TestNG.java:1301)
at org.testng.TestNG.runSuitesLocally(TestNG.java:1228)
at org.testng.TestNG.runSuites(TestNG.java:1134)
at org.testng.TestNG.run(TestNG.java:1101)
at org.testng.remote.AbstractRemoteTestNG.run(AbstractRemoteTestNG.java:115)
at org.testng.remote.RemoteTestNG.initAndRun(RemoteTestNG.java:251)
at org.testng.remote.RemoteTestNG.main(RemoteTestNG.java:77)
]]>
            </full-stacktrace>
          </exception> <!-- java.lang.IndexOutOfBoundsException -->
          <reporter-output>
          </reporter-output>
        </test-method> <!-- tearDown -->
      </class> <!-- testCases.Testcases -->
    </test> <!-- ChromeTest -->
    <test started-at="2024-02-13T16:01:26 IST" name="EdgeTest" finished-at="2024-02-13T16:03:45 IST" duration-ms="139326">
      <class name="testCases.Testcases">
        <test-method is-config="true" signature="setup(java.lang.String)[pri:0, instance:testCases.Testcases@45c7e403]" started-at="2024-02-13T16:01:26 IST" name="setup" finished-at="2024-02-13T16:01:42 IST" duration-ms="16093" status="PASS">
          <params>
            <param index="0">
              <value>
                <![CDATA[edge]]>
              </value>
            </param>
          </params>
          <reporter-output>
          </reporter-output>
        </test-method> <!-- setup -->
        <test-method signature="verify_userInfo()[pri:1, instance:testCases.Testcases@45c7e403]" started-at="2024-02-13T16:01:42 IST" name="verify_userInfo" finished-at="2024-02-13T16:01:44 IST" duration-ms="2309" status="PASS">
          <reporter-output>
          </reporter-output>
        </test-method> <!-- verify_userInfo -->
        <test-method signature="TC_002_OneCognizant()[pri:2, instance:testCases.Testcases@45c7e403]" started-at="2024-02-13T16:01:44 IST" name="TC_002_OneCognizant" finished-at="2024-02-13T16:01:58 IST" duration-ms="13567" status="PASS">
          <reporter-output>
          </reporter-output>
        </test-method> <!-- TC_002_OneCognizant -->
        <test-method signature="TC_003_verifyNavigatedToTimesheet()[pri:3, instance:testCases.Testcases@45c7e403]" started-at="2024-02-13T16:01:58 IST" name="TC_003_verifyNavigatedToTimesheet" finished-at="2024-02-13T16:02:02 IST" duration-ms="4618" status="PASS">
          <reporter-output>
          </reporter-output>
        </test-method> <!-- TC_003_verifyNavigatedToTimesheet -->
        <test-method signature="TC_004_validateTimesheets()[pri:4, instance:testCases.Testcases@45c7e403]" started-at="2024-02-13T16:02:02 IST" name="TC_004_validateTimesheets" finished-at="2024-02-13T16:02:03 IST" duration-ms="978" status="PASS">
          <reporter-output>
          </reporter-output>
        </test-method> <!-- TC_004_validateTimesheets -->
        <test-method signature="TC_005_verifySearchField()[pri:5, instance:testCases.Testcases@45c7e403]" started-at="2024-02-13T16:02:03 IST" name="TC_005_verifySearchField" finished-at="2024-02-13T16:02:04 IST" duration-ms="228" status="PASS">
          <reporter-output>
          </reporter-output>
        </test-method> <!-- TC_005_verifySearchField -->
        <test-method signature="TC_006_verifyCurrentDateTimesheet()[pri:6, instance:testCases.Testcases@45c7e403]" started-at="2024-02-13T16:02:04 IST" name="TC_006_verifyCurrentDateTimesheet" finished-at="2024-02-13T16:02:08 IST" duration-ms="4641" status="PASS">
          <reporter-output>
          </reporter-output>
        </test-method> <!-- TC_006_verifyCurrentDateTimesheet -->
        <test-method signature="TC_007_verifyApprovedStatus()[pri:7, instance:testCases.Testcases@45c7e403]" started-at="2024-02-13T16:02:08 IST" name="TC_007_verifyApprovedStatus" finished-at="2024-02-13T16:02:34 IST" duration-ms="25806" status="PASS">
          <reporter-output>
          </reporter-output>
        </test-method> <!-- TC_007_verifyApprovedStatus -->
        <test-method signature="TC_008_verifyOverdueStatus()[pri:8, instance:testCases.Testcases@45c7e403]" started-at="2024-02-13T16:02:34 IST" name="TC_008_verifyOverdueStatus" finished-at="2024-02-13T16:02:39 IST" duration-ms="5004" status="PASS">
          <reporter-output>
          </reporter-output>
        </test-method> <!-- TC_008_verifyOverdueStatus -->
        <test-method signature="TC_009_verifyPartiallyApprovedStatus()[pri:9, instance:testCases.Testcases@45c7e403]" started-at="2024-02-13T16:02:39 IST" name="TC_009_verifyPartiallyApprovedStatus" finished-at="2024-02-13T16:02:44 IST" duration-ms="4873" status="PASS">
          <reporter-output>
          </reporter-output>
        </test-method> <!-- TC_009_verifyPartiallyApprovedStatus -->
        <test-method signature="TC_010_verifyPendingStatus()[pri:10, instance:testCases.Testcases@45c7e403]" started-at="2024-02-13T16:02:44 IST" name="TC_010_verifyPendingStatus" finished-at="2024-02-13T16:03:09 IST" duration-ms="24803" status="FAIL">
          <exception class="java.lang.AssertionError">
            <message>
              <![CDATA[wrong status timesheet is displayed in Pending status expected [Pending] but found [Not Submitted]]]>
            </message>
            <full-stacktrace>
              <![CDATA[java.lang.AssertionError: wrong status timesheet is displayed in Pending status expected [Pending] but found [Not Submitted]
at org.testng.Assert.fail(Assert.java:111)
at org.testng.Assert.failNotEquals(Assert.java:1578)
at org.testng.Assert.assertEqualsImpl(Assert.java:150)
at org.testng.Assert.assertEquals(Assert.java:132)
at org.testng.Assert.assertEquals(Assert.java:656)
at testCases.Testcases.TC_010_verifyPendingStatus(Testcases.java:277)
at java.base/jdk.internal.reflect.NativeMethodAccessorImpl.invoke0(Native Method)
at java.base/jdk.internal.reflect.NativeMethodAccessorImpl.invoke(NativeMethodAccessorImpl.java:77)
at java.base/jdk.internal.reflect.DelegatingMethodAccessorImpl.invoke(DelegatingMethodAccessorImpl.java:43)
at java.base/java.lang.reflect.Method.invoke(Method.java:568)
at org.testng.internal.invokers.MethodInvocationHelper.invokeMethod(MethodInvocationHelper.java:139)
at org.testng.internal.invokers.TestInvoker.invokeMethod(TestInvoker.java:664)
at org.testng.internal.invokers.TestInvoker.invokeTestMethod(TestInvoker.java:228)
at org.testng.internal.invokers.MethodRunner.runInSequence(MethodRunner.java:63)
at org.testng.internal.invokers.TestInvoker$MethodInvocationAgent.invoke(TestInvoker.java:961)
at org.testng.internal.invokers.TestInvoker.invokeTestMethods(TestInvoker.java:201)
at org.testng.internal.invokers.TestMethodWorker.invokeTestMethods(TestMethodWorker.java:148)
at org.testng.internal.invokers.TestMethodWorker.run(TestMethodWorker.java:128)
at java.base/java.util.ArrayList.forEach(ArrayList.java:1511)
at org.testng.TestRunner.privateRun(TestRunner.java:819)
at org.testng.TestRunner.run(TestRunner.java:619)
at org.testng.SuiteRunner.runTest(SuiteRunner.java:443)
at org.testng.SuiteRunner.runSequentially(SuiteRunner.java:437)
at org.testng.SuiteRunner.privateRun(SuiteRunner.java:397)
at org.testng.SuiteRunner.run(SuiteRunner.java:336)
at org.testng.SuiteRunnerWorker.runSuite(SuiteRunnerWorker.java:52)
at org.testng.SuiteRunnerWorker.run(SuiteRunnerWorker.java:95)
at org.testng.TestNG.runSuitesSequentially(TestNG.java:1301)
at org.testng.TestNG.runSuitesLocally(TestNG.java:1228)
at org.testng.TestNG.runSuites(TestNG.java:1134)
at org.testng.TestNG.run(TestNG.java:1101)
at org.testng.remote.AbstractRemoteTestNG.run(AbstractRemoteTestNG.java:115)
at org.testng.remote.RemoteTestNG.initAndRun(RemoteTestNG.java:251)
at org.testng.remote.RemoteTestNG.main(RemoteTestNG.java:77)
]]>
            </full-stacktrace>
          </exception> <!-- java.lang.AssertionError -->
          <reporter-output>
          </reporter-output>
        </test-method> <!-- TC_010_verifyPendingStatus -->
        <test-method signature="TC_011_verifySavedStatus()[pri:11, instance:testCases.Testcases@45c7e403]" started-at="2024-02-13T16:03:09 IST" name="TC_011_verifySavedStatus" finished-at="2024-02-13T16:03:14 IST" duration-ms="4863" status="PASS">
          <reporter-output>
          </reporter-output>
        </test-method> <!-- TC_011_verifySavedStatus -->
        <test-method signature="TC_012_verifySentBackforRevisionStatus()[pri:12, instance:testCases.Testcases@45c7e403]" started-at="2024-02-13T16:03:14 IST" name="TC_012_verifySentBackforRevisionStatus" finished-at="2024-02-13T16:03:19 IST" duration-ms="4848" status="PASS">
          <reporter-output>
          </reporter-output>
        </test-method> <!-- TC_012_verifySentBackforRevisionStatus -->
        <test-method signature="TC_013_verifySubmittedforApprovalStatus()[pri:13, instance:testCases.Testcases@45c7e403]" started-at="2024-02-13T16:03:19 IST" name="TC_013_verifySubmittedforApprovalStatus" finished-at="2024-02-13T16:03:43 IST" duration-ms="24875" status="PASS">
          <reporter-output>
          </reporter-output>
        </test-method> <!-- TC_013_verifySubmittedforApprovalStatus -->
        <test-method is-config="true" signature="tearDown()[pri:0, instance:testCases.Testcases@45c7e403]" started-at="2024-02-13T16:03:43 IST" name="tearDown" finished-at="2024-02-13T16:03:45 IST" duration-ms="1766" status="PASS">
          <reporter-output>
          </reporter-output>
        </test-method> <!-- tearDown -->
      </class> <!-- testCases.Testcases -->
    </test> <!-- EdgeTest -->
  </suite> <!-- Suite -->
</testng-results>
