<?xml version="1.0" encoding="UTF-8"?>
<!-- Generated by org.testng.reporters.JUnitReportReporter -->
<testsuite hostname="LTIN251772" failures="2" tests="26" name="testCases.TC_001_UserInfoValidation" time="260.724" errors="0" timestamp="2024-02-12T14:04:34 IST" skipped="0">
  <testcase classname="testCases.TC_001_UserInfoValidation" name="verify_userInfo" time="10.660"/>
  <testcase classname="testCases.TC_001_UserInfoValidation" name="verify_userInfo" time="2.022"/>
  <testcase classname="testCases.TC_001_UserInfoValidation" name="TC_002_OneCognizant" time="10.275"/>
  <testcase classname="testCases.TC_001_UserInfoValidation" name="TC_002_OneCognizant" time="9.860"/>
  <testcase classname="testCases.TC_001_UserInfoValidation" name="TC_003_verifyNavigatedToTimesheet" time="0.109"/>
  <testcase classname="testCases.TC_001_UserInfoValidation" name="TC_003_verifyNavigatedToTimesheet" time="31.314"/>
  <testcase classname="testCases.TC_001_UserInfoValidation" name="TC_004_validateTimesheets" time="1.253"/>
  <testcase classname="testCases.TC_001_UserInfoValidation" name="TC_004_validateTimesheets" time="1.048"/>
  <testcase classname="testCases.TC_001_UserInfoValidation" name="TC_005_verifySearchField" time="0.061"/>
  <testcase classname="testCases.TC_001_UserInfoValidation" name="TC_005_verifySearchField" time="0.069"/>
  <testcase classname="testCases.TC_001_UserInfoValidation" name="TC_006_verifyCurrentDateTimesheet" time="4.306"/>
  <testcase classname="testCases.TC_001_UserInfoValidation" name="TC_006_verifyCurrentDateTimesheet" time="4.270"/>
  <testcase classname="testCases.TC_001_UserInfoValidation" name="TC_007_verifyApprovedStatus" time="25.128"/>
  <testcase classname="testCases.TC_001_UserInfoValidation" name="TC_007_verifyApprovedStatus" time="26.226"/>
  <testcase classname="testCases.TC_001_UserInfoValidation" name="TC_008_verifyOverdueStatus" time="4.404"/>
  <testcase classname="testCases.TC_001_UserInfoValidation" name="TC_008_verifyOverdueStatus" time="4.534"/>
  <testcase classname="testCases.TC_001_UserInfoValidation" name="TC_009_verifyPartiallyApprovedStatus" time="4.663"/>
  <testcase classname="testCases.TC_001_UserInfoValidation" name="TC_009_verifyPartiallyApprovedStatus" time="4.610"/>
  <testcase classname="testCases.TC_001_UserInfoValidation" name="TC_010_verifyPendingStatus" time="24.624">
    <failure message="wrong status timesheet is displayed in Pending status expected [Pending] but found [Not Submitted]" type="java.lang.AssertionError">
      <![CDATA[java.lang.AssertionError: wrong status timesheet is displayed in Pending status expected [Pending] but found [Not Submitted]
at org.testng.Assert.fail(Assert.java:111)
at org.testng.Assert.failNotEquals(Assert.java:1578)
at org.testng.Assert.assertEqualsImpl(Assert.java:150)
at org.testng.Assert.assertEquals(Assert.java:132)
at org.testng.Assert.assertEquals(Assert.java:656)
at testCases.TC_001_UserInfoValidation.TC_010_verifyPendingStatus(TC_001_UserInfoValidation.java:251)
at java.base/jdk.internal.reflect.NativeMethodAccessorImpl.invoke0(Native Method)
at java.base/jdk.internal.reflect.NativeMethodAccessorImpl.invoke(NativeMethodAccessorImpl.java:77)
at java.base/jdk.internal.reflect.DelegatingMethodAccessorImpl.invoke(DelegatingMethodAccessorImpl.java:43)
at java.base/java.lang.reflect.Method.invoke(Method.java:568)
at org.testng.internal.invokers.MethodInvocationHelper.invokeMethod(MethodInvocationHelper.java:139)
at org.testng.internal.invokers.TestInvoker.invokeMethod(TestInvoker.java:664)
at org.testng.internal.invokers.TestInvoker.invokeTestMethod(TestInvoker.java:228)
at org.testng.internal.invokers.MethodRunner.runInSequence(MethodRunner.java:63)
at org.testng.internal.invokers.TestInvoker$MethodInvocationAgent.invoke(TestInvoker.java:961)
at org.testng.internal.invokers.TestInvoker.invokeTestMethods(TestInvoker.java:201)
at org.testng.internal.invokers.TestMethodWorker.invokeTestMethods(TestMethodWorker.java:148)
at org.testng.internal.invokers.TestMethodWorker.run(TestMethodWorker.java:128)
at java.base/java.util.ArrayList.forEach(ArrayList.java:1511)
at org.testng.TestRunner.privateRun(TestRunner.java:819)
at org.testng.TestRunner.run(TestRunner.java:619)
at org.testng.SuiteRunner.runTest(SuiteRunner.java:443)
at org.testng.SuiteRunner.runSequentially(SuiteRunner.java:437)
at org.testng.SuiteRunner.privateRun(SuiteRunner.java:397)
at org.testng.SuiteRunner.run(SuiteRunner.java:336)
at org.testng.SuiteRunnerWorker.runSuite(SuiteRunnerWorker.java:52)
at org.testng.SuiteRunnerWorker.run(SuiteRunnerWorker.java:95)
at org.testng.TestNG.runSuitesSequentially(TestNG.java:1301)
at org.testng.TestNG.runSuitesLocally(TestNG.java:1228)
at org.testng.TestNG.runSuites(TestNG.java:1134)
at org.testng.TestNG.run(TestNG.java:1101)
at org.testng.remote.AbstractRemoteTestNG.run(AbstractRemoteTestNG.java:115)
at org.testng.remote.RemoteTestNG.initAndRun(RemoteTestNG.java:251)
at org.testng.remote.RemoteTestNG.main(RemoteTestNG.java:77)
]]>
    </failure>
  </testcase> <!-- TC_010_verifyPendingStatus -->
  <testcase classname="testCases.TC_001_UserInfoValidation" name="TC_010_verifyPendingStatus" time="24.648">
    <failure message="wrong status timesheet is displayed in Pending status expected [Pending] but found [Not Submitted]" type="java.lang.AssertionError">
      <![CDATA[java.lang.AssertionError: wrong status timesheet is displayed in Pending status expected [Pending] but found [Not Submitted]
at org.testng.Assert.fail(Assert.java:111)
at org.testng.Assert.failNotEquals(Assert.java:1578)
at org.testng.Assert.assertEqualsImpl(Assert.java:150)
at org.testng.Assert.assertEquals(Assert.java:132)
at org.testng.Assert.assertEquals(Assert.java:656)
at testCases.TC_001_UserInfoValidation.TC_010_verifyPendingStatus(TC_001_UserInfoValidation.java:251)
at java.base/jdk.internal.reflect.NativeMethodAccessorImpl.invoke0(Native Method)
at java.base/jdk.internal.reflect.NativeMethodAccessorImpl.invoke(NativeMethodAccessorImpl.java:77)
at java.base/jdk.internal.reflect.DelegatingMethodAccessorImpl.invoke(DelegatingMethodAccessorImpl.java:43)
at java.base/java.lang.reflect.Method.invoke(Method.java:568)
at org.testng.internal.invokers.MethodInvocationHelper.invokeMethod(MethodInvocationHelper.java:139)
at org.testng.internal.invokers.TestInvoker.invokeMethod(TestInvoker.java:664)
at org.testng.internal.invokers.TestInvoker.invokeTestMethod(TestInvoker.java:228)
at org.testng.internal.invokers.MethodRunner.runInSequence(MethodRunner.java:63)
at org.testng.internal.invokers.TestInvoker$MethodInvocationAgent.invoke(TestInvoker.java:961)
at org.testng.internal.invokers.TestInvoker.invokeTestMethods(TestInvoker.java:201)
at org.testng.internal.invokers.TestMethodWorker.invokeTestMethods(TestMethodWorker.java:148)
at org.testng.internal.invokers.TestMethodWorker.run(TestMethodWorker.java:128)
at java.base/java.util.ArrayList.forEach(ArrayList.java:1511)
at org.testng.TestRunner.privateRun(TestRunner.java:819)
at org.testng.TestRunner.run(TestRunner.java:619)
at org.testng.SuiteRunner.runTest(SuiteRunner.java:443)
at org.testng.SuiteRunner.runSequentially(SuiteRunner.java:437)
at org.testng.SuiteRunner.privateRun(SuiteRunner.java:397)
at org.testng.SuiteRunner.run(SuiteRunner.java:336)
at org.testng.SuiteRunnerWorker.runSuite(SuiteRunnerWorker.java:52)
at org.testng.SuiteRunnerWorker.run(SuiteRunnerWorker.java:95)
at org.testng.TestNG.runSuitesSequentially(TestNG.java:1301)
at org.testng.TestNG.runSuitesLocally(TestNG.java:1228)
at org.testng.TestNG.runSuites(TestNG.java:1134)
at org.testng.TestNG.run(TestNG.java:1101)
at org.testng.remote.AbstractRemoteTestNG.run(AbstractRemoteTestNG.java:115)
at org.testng.remote.RemoteTestNG.initAndRun(RemoteTestNG.java:251)
at org.testng.remote.RemoteTestNG.main(RemoteTestNG.java:77)
]]>
    </failure>
  </testcase> <!-- TC_010_verifyPendingStatus -->
  <testcase classname="testCases.TC_001_UserInfoValidation" name="TC_011_verifySavedStatus" time="4.431"/>
  <testcase classname="testCases.TC_001_UserInfoValidation" name="TC_011_verifySavedStatus" time="4.373"/>
  <testcase classname="testCases.TC_001_UserInfoValidation" name="TC_012_verifySentBackforRevisionStatus" time="4.523"/>
  <testcase classname="testCases.TC_001_UserInfoValidation" name="TC_012_verifySentBackforRevisionStatus" time="4.413"/>
  <testcase classname="testCases.TC_001_UserInfoValidation" name="TC_013_verifySubmittedforApprovalStatus" time="24.403"/>
  <testcase classname="testCases.TC_001_UserInfoValidation" name="TC_013_verifySubmittedforApprovalStatus" time="24.497"/>
</testsuite> <!-- testCases.TC_001_UserInfoValidation -->
